# JRE version: OpenJDK Runtime Environment (24.0+36) (build 24+36-3646)
# Java VM: OpenJDK 64-Bit Server VM (24+36-3646, mixed mode, sharing, tiered, compressed oops, compressed class ptrs, g1 gc, windows-amd64)
GC Precious Log:
 CardTable entry size: 512
 Card Set container configuration: InlinePtr #cards 4 size 8 Array Of Cards #cards 16 size 48 Howl #buckets 8 coarsen threshold 3686 Howl Bitmap #cards 512 size 80 coarsen threshold 460 Card regions per heap region 1 cards per card region 4096
 CPUs: 16 total, 16 available
 Memory: 16163M
 Large Page Support: Disabled
 NUMA Support: Disabled
 Compressed Oops: Enabled (Zero based)
 Heap Region Size: 2M
 Heap Min Capacity: 8M
 Heap Initial Capacity: 254M
 Heap Max Capacity: 4042M
 Pre-touch: Disabled
 Parallel Workers: 13
 Concurrent Workers: 3
 Concurrent Refinement Workers: 13
 Periodic GC: Disabled
Heap:
 garbage-first heap   total reserved 4139008K, committed 90112K, used 33892K [0x0000000703600000, 0x0000000800000000)
  region size 2048K, 4 young (8192K), 3 survivors (6144K)
 Metaspace       used 69099K, committed 69696K, reserved 1114112K
  class space    used 7421K, committed 7680K, reserved 1048576K
GC Heap History (20 events):
Event: 2.544 GC heap before
{Heap before GC invocations=3 (full 0):
 garbage-first heap   total reserved 4139008K, committed 55296K, used 36128K [0x0000000703600000, 0x0000000800000000)
  region size 2048K, 16 young (32768K), 5 survivors (10240K)
 Metaspace       used 23480K, committed 23808K, reserved 1114112K
  class space    used 2383K, committed 2560K, reserved 1048576K
}
Event: 2.552 GC heap after
{Heap after GC invocations=4 (full 0):
 garbage-first heap   total reserved 4139008K, committed 55296K, used 16867K [0x0000000703600000, 0x0000000800000000)
  region size 2048K, 2 young (4096K), 2 survivors (4096K)
 Metaspace       used 23480K, committed 23808K, reserved 1114112K
  class space    used 2383K, committed 2560K, reserved 1048576K
}
Event: 2.941 GC heap before
{Heap before GC invocations=4 (full 0):
 garbage-first heap   total reserved 4139008K, committed 55296K, used 37347K [0x0000000703600000, 0x0000000800000000)
  region size 2048K, 12 young (24576K), 2 survivors (4096K)
 Metaspace       used 26370K, committed 26688K, reserved 1114112K
  class space    used 2673K, committed 2816K, reserved 1048576K
}
Event: 2.947 GC heap after
{Heap after GC invocations=5 (full 0):
 garbage-first heap   total reserved 4139008K, committed 55296K, used 18358K [0x0000000703600000, 0x0000000800000000)
  region size 2048K, 1 young (2048K), 1 survivors (2048K)
 Metaspace       used 26370K, committed 26688K, reserved 1114112K
  class space    used 2673K, committed 2816K, reserved 1048576K
}
Event: 3.516 GC heap before
{Heap before GC invocations=5 (full 0):
 garbage-first heap   total reserved 4139008K, committed 55296K, used 40886K [0x0000000703600000, 0x0000000800000000)
  region size 2048K, 12 young (24576K), 1 survivors (2048K)
 Metaspace       used 29916K, committed 30336K, reserved 1114112K
  class space    used 3115K, committed 3328K, reserved 1048576K
}
Event: 3.522 GC heap after
{Heap after GC invocations=6 (full 0):
 garbage-first heap   total reserved 4139008K, committed 55296K, used 20109K [0x0000000703600000, 0x0000000800000000)
  region size 2048K, 2 young (4096K), 2 survivors (4096K)
 Metaspace       used 29916K, committed 30336K, reserved 1114112K
  class space    used 3115K, committed 3328K, reserved 1048576K
}
Event: 4.072 GC heap before
{Heap before GC invocations=6 (full 0):
 garbage-first heap   total reserved 4139008K, committed 55296K, used 42637K [0x0000000703600000, 0x0000000800000000)
  region size 2048K, 13 young (26624K), 2 survivors (4096K)
 Metaspace       used 33804K, committed 34240K, reserved 1114112K
  class space    used 3549K, committed 3712K, reserved 1048576K
}
Event: 4.078 GC heap after
{Heap after GC invocations=7 (full 0):
 garbage-first heap   total reserved 4139008K, committed 55296K, used 21970K [0x0000000703600000, 0x0000000800000000)
  region size 2048K, 2 young (4096K), 2 survivors (4096K)
 Metaspace       used 33804K, committed 34240K, reserved 1114112K
  class space    used 3549K, committed 3712K, reserved 1048576K
}
Event: 4.334 GC heap before
{Heap before GC invocations=7 (full 0):
 garbage-first heap   total reserved 4139008K, committed 55296K, used 32210K [0x0000000703600000, 0x0000000800000000)
  region size 2048K, 8 young (16384K), 2 survivors (4096K)
 Metaspace       used 35576K, committed 35968K, reserved 1114112K
  class space    used 3751K, committed 3904K, reserved 1048576K
}
Event: 4.339 GC heap after
{Heap after GC invocations=8 (full 0):
 garbage-first heap   total reserved 4139008K, committed 157696K, used 23131K [0x0000000703600000, 0x0000000800000000)
  region size 2048K, 2 young (4096K), 2 survivors (4096K)
 Metaspace       used 35576K, committed 35968K, reserved 1114112K
  class space    used 3751K, committed 3904K, reserved 1048576K
}
Event: 5.659 GC heap before
{Heap before GC invocations=9 (full 0):
 garbage-first heap   total reserved 4139008K, committed 90112K, used 72283K [0x0000000703600000, 0x0000000800000000)
  region size 2048K, 26 young (53248K), 2 survivors (4096K)
 Metaspace       used 49006K, committed 49408K, reserved 1114112K
  class space    used 5121K, committed 5312K, reserved 1048576K
}
Event: 5.665 GC heap after
{Heap after GC invocations=10 (full 0):
 garbage-first heap   total reserved 4139008K, committed 90112K, used 27114K [0x0000000703600000, 0x0000000800000000)
  region size 2048K, 4 young (8192K), 4 survivors (8192K)
 Metaspace       used 49006K, committed 49408K, reserved 1114112K
  class space    used 5121K, committed 5312K, reserved 1048576K
}
Event: 6.613 GC heap before
{Heap before GC invocations=10 (full 0):
 garbage-first heap   total reserved 4139008K, committed 90112K, used 59882K [0x0000000703600000, 0x0000000800000000)
  region size 2048K, 22 young (45056K), 4 survivors (8192K)
 Metaspace       used 59597K, committed 60096K, reserved 1114112K
  class space    used 6291K, committed 6528K, reserved 1048576K
}
Event: 6.621 GC heap after
{Heap after GC invocations=11 (full 0):
 garbage-first heap   total reserved 4139008K, committed 90112K, used 28119K [0x0000000703600000, 0x0000000800000000)
  region size 2048K, 3 young (6144K), 3 survivors (6144K)
 Metaspace       used 59597K, committed 60096K, reserved 1114112K
  class space    used 6291K, committed 6528K, reserved 1048576K
}
Event: 6.645 GC heap before
{Heap before GC invocations=11 (full 0):
 garbage-first heap   total reserved 4139008K, committed 90112K, used 28119K [0x0000000703600000, 0x0000000800000000)
  region size 2048K, 4 young (8192K), 3 survivors (6144K)
 Metaspace       used 59959K, committed 60416K, reserved 1114112K
  class space    used 6334K, committed 6528K, reserved 1048576K
}
Event: 6.650 GC heap after
{Heap after GC invocations=12 (full 0):
 garbage-first heap   total reserved 4139008K, committed 90112K, used 28324K [0x0000000703600000, 0x0000000800000000)
  region size 2048K, 1 young (2048K), 1 survivors (2048K)
 Metaspace       used 59959K, committed 60416K, reserved 1114112K
  class space    used 6334K, committed 6528K, reserved 1048576K
}
Event: 7.560 GC heap before
{Heap before GC invocations=13 (full 0):
 garbage-first heap   total reserved 4139008K, committed 90112K, used 73380K [0x0000000703600000, 0x0000000800000000)
  region size 2048K, 23 young (47104K), 1 survivors (2048K)
 Metaspace       used 64733K, committed 65216K, reserved 1114112K
  class space    used 6895K, committed 7104K, reserved 1048576K
}
Event: 7.566 GC heap after
{Heap after GC invocations=14 (full 0):
 garbage-first heap   total reserved 4139008K, committed 90112K, used 31138K [0x0000000703600000, 0x0000000800000000)
  region size 2048K, 3 young (6144K), 3 survivors (6144K)
 Metaspace       used 64733K, committed 65216K, reserved 1114112K
  class space    used 6895K, committed 7104K, reserved 1048576K
}
Event: 8.322 GC heap before
{Heap before GC invocations=14 (full 0):
 garbage-first heap   total reserved 4139008K, committed 90112K, used 74146K [0x0000000703600000, 0x0000000800000000)
  region size 2048K, 24 young (49152K), 3 survivors (6144K)
 Metaspace       used 68852K, committed 69504K, reserved 1114112K
  class space    used 7401K, committed 7680K, reserved 1048576K
}
Event: 8.327 GC heap after
{Heap after GC invocations=15 (full 0):
 garbage-first heap   total reserved 4139008K, committed 90112K, used 33892K [0x0000000703600000, 0x0000000800000000)
  region size 2048K, 3 young (6144K), 3 survivors (6144K)
 Metaspace       used 68852K, committed 69504K, reserved 1114112K
  class space    used 7401K, committed 7680K, reserved 1048576K
}

